============================= test session starts =============================
platform win32 -- Python 3.11.6, pytest-9.1.0, pluggy-1.6.0
rootdir: C:\Programming\Web-development\full-stack-applications\AI-Job-Tracker\backend
configfile: pytest.ini
plugins: anyio-4.13.0
collected 6 items

app\tests\test_applications.py Token created successfully
.Token created successfully
.Token created successfully
.Token created successfully
.Token created successfully
..

============================== warnings summary ===============================
.venv\Lib\site-packages\fastapi\testclient.py:1
  C:\Programming\Web-development\full-stack-applications\AI-Job-Tracker\backend\.venv\Lib\site-packages\fastapi\testclient.py:1: StarletteDeprecationWarning: Using `httpx` with `starlette.testclient` is deprecated; install `httpx2` instead.
    from starlette.testclient import TestClient as TestClient  # noqa

app\core\config.py:3
  C:\Programming\Web-development\full-stack-applications\AI-Job-Tracker\backend\app\core\config.py:3: PydanticDeprecatedSince20: Support for class-based `config` is deprecated, use ConfigDict instead. Deprecated in Pydantic V2.0 to be removed in V3.0. See Pydantic V2 Migration Guide at https://errors.pydantic.dev/2.13/migration/
    class Settings(BaseSettings):

-- Docs: https://docs.pytest.org/en/stable/how-to/capture-warnings.html
======================== 6 passed, 2 warnings in 5.09s ========================
