============================= test session starts =============================
platform win32 -- Python 3.11.6, pytest-9.1.0, pluggy-1.6.0 -- C:\Users\Anathi\AppData\Local\Programs\Python\Python311\python.exe
cachedir: .pytest_cache
rootdir: C:\Programming\Web-development\full-stack-applications\AI-Job-Tracker\backend
configfile: pytest.ini
plugins: anyio-4.13.0
collecting ... collected 6 items

app/tests/test_applications.py::test_create_application PASSED           [ 16%]
app/tests/test_applications.py::test_get_applications PASSED             [ 33%]
app/tests/test_applications.py::test_get_single_application PASSED       [ 50%]
app/tests/test_applications.py::test_update_application PASSED           [ 66%]
app/tests/test_applications.py::test_delete_applications PASSED          [ 83%]
app/tests/test_applications.py::test_create_application_without_token PASSED [100%]

============================== warnings summary ===============================
app\core\config.py:3
  C:\Programming\Web-development\full-stack-applications\AI-Job-Tracker\backend\app\core\config.py:3: PydanticDeprecatedSince20: Support for class-based `config` is deprecated, use ConfigDict instead. Deprecated in Pydantic V2.0 to be removed in V3.0. See Pydantic V2 Migration Guide at https://errors.pydantic.dev/2.13/migration/
    class Settings(BaseSettings):

-- Docs: https://docs.pytest.org/en/stable/how-to/capture-warnings.html
======================== 6 passed, 1 warning in 4.99s =========================
